[[  9.84253248e-01  -6.45680888e-01   7.05027664e-01  -1.33938959e+00
    1.95160691e-01   1.39026621e+00   1.26619827e+00  -1.77324027e+00
    1.62189250e-01  -6.45064113e-02  -3.16378728e-02   1.32304981e+00
    1.17686874e+00   1.00000000e+00]
 [  2.68757929e-01   1.06251285e+00  -3.28737239e-01  -6.58528674e-01
    3.64865640e-01   4.42710468e-01   4.42496262e-01  -4.09209293e-01
    8.60440624e-02  -4.62556400e-01  -3.19254899e-01   5.12605822e-01
   -1.62462492e-01   1.00000000e+00]
 [  5.63452563e-02  -7.43758998e-01  -9.83455012e-01  -7.94700856e-01
    7.04275537e-01   1.00192369e+00   7.70205663e-01  -7.72950886e-01
    7.90387051e-01  -2.09590052e-01  -3.16378728e-02   1.01913331e+00
    4.99134865e-01   1.00000000e+00]
 [  1.35318052e+00   1.11155191e+00   1.88145213e-01  -2.77246563e-01
    1.04368543e+00   7.68918181e-01   4.60210283e-01  -5.91080089e-01
   -6.94444114e-01  -1.35188185e-01  -7.95740438e-02   9.90188887e-01
    1.12845918e+00   1.00000000e+00]
 [  1.54323397e+00   7.43758998e-01  -3.63196070e-01  -1.06704522e+00
    2.80013165e-01   1.39026621e+00   9.20774847e-01  -8.63886284e-01
    1.09496780e+00  -2.61671359e-01   7.35340863e-01   1.14938324e+00
    1.08004962e+00   1.00000000e+00]
 [  1.00661248e+00  -8.17317580e-01  -9.14537352e-01  -1.06704522e+00
    1.95160691e-01   1.15726070e+00   1.11562909e+00  -1.40949867e+00
    9.99786318e-01   1.84739843e-01   1.12170640e-01   9.90188887e-01
    8.21865283e-01   1.00000000e+00]
 [  1.23020476e+00  -5.39429603e-01   5.03098920e-02  -3.04481000e-01
    3.64865640e-01   6.13581175e-01   6.99349576e-01  -4.09209293e-01
    1.45665745e+00   2.21940777e-01   8.79149375e-01   1.50800471e-01
    1.06391310e+00   1.00000000e+00]
 [  1.05133093e+00  -7.76451701e-01  -3.97654900e-01  -6.85763110e-01
    7.89128011e-01   8.15519283e-01   1.24848425e+00  -4.09209293e-01
    8.85568536e-01   1.22636598e+00   1.11883023e+00   6.57327963e-01
    1.70937393e+00   1.00000000e+00]
 [  5.63452563e-02  -7.76451701e-01  -1.19020799e+00  -2.04748493e+00
   -5.68511578e-01   5.66980073e-01   1.00934496e+00  -1.77324027e+00
    2.46558119e+00   5.93950112e-01   1.11883023e+00   3.82355896e-01
    1.35437047e+00   1.00000000e+00]
 [  9.28355176e-01  -8.41837108e-01   7.39486495e-01  -7.40231983e-01
   -3.98806629e-01   1.47570156e-01   7.61348652e-01  -1.31856328e+00
    1.28533077e+00  -1.26482430e-03   1.69406428e+00   1.04807774e+00
    1.72551045e+00   1.00000000e+00]
 [  9.17175562e-01  -7.60105350e-01   1.19227552e-01  -1.61173395e+00
    1.04368543e+00   2.36888935e+00   1.42562446e+00  -4.09209293e-01
    4.85806299e-01   5.38148712e-01   5.91532350e-01   8.88883388e-01
    1.48346264e+00   1.00000000e+00]
 [  8.61277490e-01  -6.37507712e-01   1.01515714e+00  -7.67466420e-01
    1.38309533e+00   1.00192369e+00   5.84208435e-01   2.27338496e-01
    1.24116656e-01   2.59141710e-01   1.16676640e+00   4.11300324e-01
    2.08051391e+00   1.00000000e+00]
 [  8.27738647e-01  -8.25490756e-01  -4.66572560e-01  -9.58107475e-01
    1.63765275e+00   3.80575665e-01   6.81635554e-01  -1.40949867e+00
    9.89887443e-03   9.17375095e-02   1.60106811e-01   8.02050104e-01
    1.06391310e+00   1.00000000e+00]
 [  6.26505588e-01  -7.76451701e-01   2.57062873e-01   1.58504420e-01
    1.46794781e+00   9.39788888e-01   5.75351424e-01  -1.50043407e+00
    1.58991152e+00   2.40541244e-01   4.47723837e-01   5.56022464e-01
    1.25755135e+00   1.00000000e+00]
 [  1.36436014e+00  -8.00971229e-01  -2.94278409e-01  -9.85341911e-01
    1.63765275e+00   1.31259770e+00   7.70205663e-01  -9.54821683e-01
    7.90387051e-01   2.88902457e-01   2.55979153e-01   9.61244458e-01
    7.73455720e-01   1.00000000e+00]
 [  3.24656001e-01  -5.80295482e-01   1.01515714e+00  -8.49169729e-01
    2.80013165e-01   1.00192369e+00   9.73916912e-01  -5.00144691e-01
    8.60440624e-02   1.47538910e-01   8.79149375e-01   2.81050397e-01
    1.74164697e+00   1.00000000e+00]
 [  8.05379418e-01  -1.02164698e+00   3.94898193e-01  -8.76404165e-01
    7.89128011e-01   1.62327172e+00   1.36362539e+00  -1.59136947e+00
    8.09423348e-01   4.45146378e-01   1.62982981e-02   3.24467039e-01
    1.79005654e+00   1.00000000e+00]
 [ -7.03868520e-01  -1.42213259e+00  -3.53340844e+00  -2.53770479e+00
   -9.07921475e-01  -5.82513774e-01  -1.38204797e+00  -7.72950886e-01
   -2.27445676e+00  -1.35909890e+00   7.83277033e-01  -1.19511544e+00
   -6.78831161e-01   1.00000000e+00]
 [ -1.38582500e+00   7.25923837e-16   1.84216906e+00   2.23322379e-02
    3.64865640e-01  -9.39788888e-01  -8.89243888e-02   2.13698186e+00
   -1.07517005e+00  -6.70881628e-01   1.64612811e+00  -2.11004881e-01
   -3.98055698e-01   1.00000000e+00]
 [ -1.77711150e+00  -1.58559611e+00   3.94898193e-01   2.94676603e-01
   -9.07921475e-01   1.94171258e-01  -1.06638411e-01   5.00144691e-01
   -3.32754471e-01  -9.38728349e-01   1.02295789e+00  -4.85976948e-01
   -9.56379321e-01   1.00000000e+00]
 [ -1.02807734e+00  -1.05433968e+00   3.94898193e-01   7.03193149e-01
   -1.24733137e+00   3.18440863e-01   1.41357893e-01   5.91080089e-01
   -1.09420635e+00  -1.00569003e+00   2.08042982e-01   7.87577890e-01
   -1.11451723e+00   1.00000000e+00]
 [ -2.20193684e+00  -9.56261569e-01  -6.38866711e-01   4.30848785e-01
   -1.16247890e+00   1.63103857e-01   3.50737629e-02   1.40949867e+00
    7.52314457e-01  -1.37769936e+00   3.94706432e+00   3.24467039e-01
   -1.04351653e+00   1.00000000e+00]
 [ -1.31874731e+00  -9.88954272e-01  -1.36250214e+00   2.40207730e-01
   -1.07762642e+00  -5.82513774e-01  -4.69775855e-01  -5.91080089e-01
   -1.61427798e-01  -1.35909890e+00   3.03915324e-01   9.90188887e-01
   -7.59513766e-01   1.00000000e+00]
 [ -6.47970448e-01  -8.74529811e-01  -6.73325541e-01   7.03193149e-01
    7.89128011e-01  -5.51446372e-01  -3.57823238e-02  -2.27338496e-01
   -9.13742255e-03  -1.31817787e+00   8.31213204e-01   4.54716966e-01
   -1.24360939e+00   1.00000000e+00]
 [ -2.56683946e-01   6.12988185e-01  -1.39696097e+00  -1.06704522e+00
   -1.58674127e+00  -1.12619330e+00  -7.79771234e-01   5.91080089e-01
   -1.49396859e+00  -8.19685362e-01  -8.94488950e-01  -7.60949016e-01
   -1.15647218e+00   1.00000000e+00]
 [ -1.11751425e+00   6.12988185e-01  -1.32804331e+00  -2.50012127e-01
   -9.92773950e-01  -5.51446372e-01  -4.34347812e-01   4.54676992e-02
    4.85806299e-01  -1.60834515e+00   2.08042982e-01   5.84966893e-01
   -5.36829777e-01   1.00000000e+00]
 [ -1.73239304e+00  -2.28848922e-01   1.19227552e-01   2.23322379e-02
   -2.29101681e-01   8.46586684e-01   5.84208435e-01  -4.09209293e-01
    4.09661111e-01  -8.75486762e-01  -4.15127241e-01   1.07702217e+00
   -3.39964222e-01   1.00000000e+00]
 [ -1.60941728e+00  -5.14910075e-01   2.91039279e+00   2.33725934e+00
    1.72250523e+00   1.28153030e+00   2.61246392e+00   9.54821683e-01
    4.85806299e-01   1.47538910e-01   2.08042982e-01   1.51118859e+00
   -8.56332891e-01   1.00000000e+00]
 [ -6.47970448e-01   1.43030577e+00   1.18745129e+00   1.79257061e+00
    2.80013165e-01  -2.40772360e-01  -3.54280434e-04   5.91080089e-01
    1.81225547e-01  -1.31073768e+00   1.60106811e-01   6.86272391e-01
   -1.17906331e+00   1.00000000e+00]
 [  5.63452563e-02   2.55003085e+00  -8.80078521e-01   4.30848785e-01
   -1.07762642e+00   4.11643067e-01   4.60210283e-01  -5.91080089e-01
    7.52314457e-01  -1.11729283e+00  -7.50680437e-01   6.57327963e-01
   -1.13065375e+00   1.00000000e+00]
 [ -1.26284924e+00   1.33222766e+00   1.58510619e-02   2.94676603e-01
   -1.41703632e+00   7.84451882e-01   7.96776695e-01  -1.40949867e+00
    2.46558119e+00  -1.04289096e+00  -6.54808095e-01   1.43882752e+00
   -1.13065375e+00   1.00000000e+00]
 [ -1.03925695e+00  -4.25005142e-01  -7.42243201e-01   2.94676603e-01
   -1.16247890e+00   3.80575665e-01   4.60210283e-01   4.54676992e-02
   -5.04081144e-01  -1.05777134e+00  -1.27510215e-01   9.17827816e-01
   -1.13710836e+00   1.00000000e+00]
 [ -6.36790834e-01  -9.39915217e-01  -3.28737239e-01   4.30848785e-01
   -1.07762642e+00   5.98047474e-01   9.03060825e-01   2.27338496e-01
    2.95443329e-01  -6.18800321e-01  -9.42425121e-01   2.81050397e-01
   -1.22101826e+00   1.00000000e+00]
 [ -1.35228615e+00  -4.49524669e-01   1.35974544e+00   2.33725934e+00
   -5.68511578e-01  -3.49508264e-01   9.70728388e-02   1.95511106e+00
    2.76407032e-01  -9.68489096e-01   3.99787666e-01  -2.97838166e-01
   -8.53105587e-01   1.00000000e+00]
 [ -7.03868520e-01  -8.58183459e-01  -2.94278409e-01   1.24788188e+00
   -9.07921475e-01  -2.09704959e-01   2.83070066e-01   3.18273894e-01
    5.42915190e-01  -1.29585731e+00   1.62982981e-02   1.94217113e-01
   -1.25329131e+00   1.00000000e+00]
 [ -1.07279579e+00   1.32405448e+00  -1.86077683e-02   5.67020967e-01
   -1.58674127e+00  -3.96109366e-01  -3.36920692e-01   5.00144691e-01
   -5.04081144e-01  -1.11729283e+00  -4.63063411e-01  -1.09699383e-01
   -4.85192911e-01   1.00000000e+00]
 [  8.72457104e-01   6.53854064e-02  -2.94278409e-01   5.67020967e-01
   -7.38216527e-01  -1.56113691e+00  -1.28462085e+00   4.09209293e-01
   -1.11324265e+00   1.47933233e+00  -8.94488950e-01  -1.39772643e+00
   -3.72237264e-01   1.00000000e+00]
 [  8.16559032e-01   1.37309353e+00  -4.32113730e-01   7.03193149e-01
   -9.07921475e-01  -1.66987282e+00  -1.47061808e+00   1.40949867e+00
   -8.84807084e-01   3.78184698e-01  -5.10999582e-01  -1.29642094e+00
   -6.78831161e-01   1.00000000e+00]
 [  5.03529831e-01   8.33663932e-01   7.39486495e-01   8.39365332e-01
    1.04368543e+00  -1.01745739e+00  -1.07205259e+00   5.91080089e-01
   -2.94681877e-01   1.88854260e+00  -1.75446386e-01  -1.57139300e+00
   -1.14052930e-01   1.00000000e+00]
 [ -2.00785874e-01   5.63949130e-01  -2.94278409e-01  -1.13839944e-01
   -9.07921475e-01  -1.35919881e+00  -1.30233487e+00   3.18273894e-01
   -1.22746043e+00   1.73229868e+00  -7.98616608e-01  -1.29642094e+00
   -1.46325972e-01   1.00000000e+00]
 [  6.48864817e-01  -8.17317580e-02   1.04961597e+00   1.24788188e+00
    5.34570588e-01  -1.25046290e+00  -1.14290868e+00   2.27338496e-01
   -1.42391501e-01   1.13708374e+00  -7.02744266e-01  -1.22405987e+00
    6.34488002e-02   1.00000000e+00]
 [  4.47631759e-01   1.56924975e+00   1.63541608e+00   1.38405406e+00
    1.12853791e+00  -5.82513774e-01  -1.03662455e+00  -8.63886284e-01
   -9.60952272e-01   1.07756225e+00  -1.03829746e+00  -1.05039330e+00
   -3.23827702e-01   1.00000000e+00]
 [ -8.93921964e-01   2.86061153e-01  -2.25360749e-01  -2.50012127e-01
   -2.29101681e-01  -1.71647392e+00  -1.45290406e+00   3.18273894e-01
   -1.68433156e+00  -3.84657578e-02  -1.08623363e+00  -1.18064322e+00
   -7.11104203e-01   1.00000000e+00]
 [ -2.56683946e-01  -2.37022098e-01  -3.63196070e-01  -1.13839944e-01
   -1.07762642e+00  -1.49900211e+00  -1.43519004e+00   1.04575708e+00
   -1.85565823e+00   1.59837494e+00  -1.51765917e+00  -1.47008750e+00
   -8.40196370e-01   1.00000000e+00]
 [  1.29728245e+00  -1.38943989e-01   3.25980533e-01   2.23322379e-02
   -6.53364052e-01  -1.04852479e+00  -1.26690683e+00   6.82015488e-01
   -7.13480411e-01   1.52397345e+00  -1.27797832e+00  -1.35430979e+00
   -2.27008576e-01   1.00000000e+00]
 [  7.94199804e-01   2.42743321e+00   2.22604043e-01   1.58504420e-01
   -3.13954155e-01  -1.04852479e+00  -1.34661993e+00   1.40949867e+00
   -1.05613376e+00   7.79954779e-01  -1.18210598e+00  -1.31089315e+00
    3.11757584e-02   1.00000000e+00]
 [  4.47631759e-01   1.00530062e+00   3.25980533e-01   8.39365332e-01
    2.80013165e-01  -8.62120385e-01  -1.22262178e+00   5.91080089e-01
   -3.89863362e-01   6.31151045e-01  -8.94488950e-01  -1.57139300e+00
    6.34488002e-02   1.00000000e+00]
 [  3.02296772e-01   1.30770813e+00  -4.32113730e-01   2.23322379e-02
    1.80735770e+00  -1.18832810e+00  -1.27576384e+00   5.91080089e-01
   -5.04081144e-01   1.70997812e+00  -1.42178683e+00  -1.57139300e+00
    3.37769656e-01   1.00000000e+00]
 [  1.90500629e-01  -7.35585822e-02  -5.30665984e-02   2.23322379e-02
    1.80735770e+00  -1.09512589e+00  -1.28462085e+00   1.50043407e+00
   -2.94681877e-01   1.37516972e+00  -1.37385066e+00  -1.48455972e+00
    3.53906176e-01   1.00000000e+00]
 [  1.26374361e+00   1.16059096e+00   1.22191012e+00   1.24788188e+00
   -2.29101681e-01  -4.73777869e-01  -1.21376477e+00   1.77324027e+00
   -5.04081144e-01   1.33796878e+00  -1.32591449e+00  -1.51350415e+00
   -5.49738994e-01   1.00000000e+00]]
SKLearn Log Loss:  0.000485806252687
